0 verbose cli C:\Program Files\nodejs\node.exe C:\Users\tayte\AppData\Roaming\npm\node_modules\npm\bin\npm-cli.js
1 info using npm@11.2.0
2 info using node@v22.14.0
3 silly config load:file:C:\Users\tayte\AppData\Roaming\npm\node_modules\npm\npmrc
4 silly config load:file:C:\Users\tayte\Downloads\project3-demo\project3-team26\.npmrc
5 silly config load:file:C:\Users\tayte\.npmrc
6 silly config load:file:C:\Users\tayte\AppData\Roaming\npm\etc\npmrc
7 verbose title npm run install:all
8 verbose argv "run" "install:all"
9 verbose logfile logs-max:10 dir:c:\Users\tayte\Downloads\project3-demo\project3-team26\.npm-cache\_logs\2026-04-22T15_07_53_643Z-
10 verbose logfile c:\Users\tayte\Downloads\project3-demo\project3-team26\.npm-cache\_logs\2026-04-22T15_07_53_643Z-debug-0.log
11 silly logfile done cleaning log files
12 http fetch GET https://registry.npmjs.org/npm attempt 1 failed with EACCES
13 http fetch GET https://registry.npmjs.org/npm attempt 2 failed with EACCES
14 http fetch GET https://registry.npmjs.org/npm attempt 3 failed with EACCES
15 verbose cwd C:\Users\tayte\Downloads\project3-demo\project3-team26
16 verbose os Windows_NT 10.0.26200
17 verbose node v22.14.0
18 verbose npm  v11.2.0
19 verbose exit 1
20 verbose code 1
